2023-11-04 23:49:51 INFO  Menu:16 - програма запустилася
2023-11-05 00:29:12 INFO  Menu:16 - програма запустилася
2023-11-05 00:29:15 INFO  Menu:31 - вибрався режим
2023-11-05 00:29:15 INFO  Menu:45 - вибір команди
2023-11-05 00:31:10 INFO  Menu:16 - програма запустилася
2023-11-05 00:31:13 INFO  Menu:31 - вибрався режим
2023-11-05 00:31:13 INFO  Menu:46 - вибір команди
2023-11-05 00:34:02 INFO  Menu:16 - програма запустилася
2023-11-05 00:34:06 INFO  Menu:31 - вибрався режим
2023-11-05 00:34:06 INFO  Menu:46 - вибір команди
2023-11-05 00:34:08 INFO  EndCommand:20 - завершення програми
2023-11-05 00:44:54 INFO  Menu:16 - програма запустилася
2023-11-05 00:44:54 INFO  Menu:36 - вибір команди
2023-11-05 00:45:16 INFO  Menu:16 - програма запустилася
2023-11-05 00:45:18 INFO  Menu:53 - вибрався режим вводу
2023-11-05 00:45:18 INFO  Menu:54 - ввели дані з файлу
2023-11-05 00:45:18 INFO  CoffeeVan:62 - завантажили каву
2023-11-05 00:45:18 INFO  CoffeeVan:62 - завантажили каву
2023-11-05 00:45:18 INFO  CoffeeVan:62 - завантажили каву
2023-11-05 00:45:18 INFO  CoffeeVan:62 - завантажили каву
2023-11-05 00:45:18 INFO  Menu:36 - вибір команди
2023-11-05 00:45:22 ERROR Menu:41 - не вірна команда
2023-11-05 00:45:43 INFO  Menu:36 - вибір команди
2023-11-05 00:45:43 ERROR Menu:41 - не вірна команда
2023-11-05 00:46:09 INFO  Menu:16 - програма запустилася
2023-11-05 00:46:10 INFO  Menu:53 - вибрався режим вводу
2023-11-05 00:46:10 INFO  Menu:54 - ввели дані з файлу
2023-11-05 00:46:10 INFO  CoffeeVan:62 - завантажили каву
2023-11-05 00:46:10 INFO  CoffeeVan:62 - завантажили каву
2023-11-05 00:46:10 INFO  CoffeeVan:62 - завантажили каву
2023-11-05 00:46:10 INFO  CoffeeVan:62 - завантажили каву
2023-11-05 00:46:10 INFO  Menu:36 - вибір команди
2023-11-05 00:46:14 ERROR Menu:41 - не вірна команда
2023-11-05 00:46:35 INFO  Menu:36 - вибір команди
2023-11-05 00:48:54 INFO  Menu:16 - програма запустилася
2023-11-05 00:48:58 INFO  Menu:53 - вибрався режим вводу
2023-11-05 00:48:58 INFO  Menu:54 - ввели дані з файлу
2023-11-05 00:48:58 INFO  CoffeeVan:62 - завантажили каву
2023-11-05 00:48:58 INFO  CoffeeVan:62 - завантажили каву
2023-11-05 00:48:58 INFO  CoffeeVan:62 - завантажили каву
2023-11-05 00:48:58 INFO  CoffeeVan:62 - завантажили каву
2023-11-05 00:48:58 INFO  Menu:36 - вибір команди
2023-11-05 00:49:00 ERROR Menu:41 - не вірна команда
2023-11-05 00:49:21 INFO  Menu:36 - вибір команди
2023-11-05 01:01:56 INFO  Menu:16 - програма запустилася
2023-11-05 01:02:03 INFO  Menu:53 - вибрався режим вводу
2023-11-05 01:02:03 INFO  Menu:54 - ввели дані з файлу
2023-11-05 01:02:03 INFO  CoffeeVan:62 - завантажили каву
2023-11-05 01:02:03 INFO  CoffeeVan:62 - завантажили каву
2023-11-05 01:02:03 INFO  CoffeeVan:62 - завантажили каву
2023-11-05 01:02:03 INFO  CoffeeVan:62 - завантажили каву
2023-11-05 01:02:03 INFO  Menu:36 - вибір команди
2023-11-05 01:02:12 ERROR Menu:41 - не вірна команда
2023-11-05 01:02:34 INFO  Menu:36 - вибір команди
2023-11-05 01:10:29 INFO  Menu:16 - програма запустилася
2023-11-05 01:10:45 INFO  Menu:64 - вибрався режим вводу
2023-11-05 01:10:45 INFO  Menu:36 - вибір команди
2023-11-05 01:10:47 ERROR Menu:41 - не вірна команда
2023-11-05 01:11:08 INFO  Menu:36 - вибір команди
2023-11-05 01:17:31 INFO  Menu:16 - програма запустилася
2023-11-05 01:17:35 INFO  Menu:53 - вибрався режим вводу
2023-11-05 01:17:35 INFO  Menu:54 - ввели дані з файлу
2023-11-05 01:17:35 INFO  CoffeeVan:62 - завантажили каву
2023-11-05 01:17:35 INFO  CoffeeVan:62 - завантажили каву
2023-11-05 01:17:35 INFO  CoffeeVan:62 - завантажили каву
2023-11-05 01:17:35 INFO  CoffeeVan:62 - завантажили каву
2023-11-05 01:17:35 INFO  Menu:36 - вибір команди
2023-11-05 01:17:36 ERROR Menu:41 - не вірна команда
2023-11-05 01:17:36 INFO  Menu:36 - вибір команди
2023-11-05 01:18:06 INFO  Menu:16 - програма запустилася
2023-11-05 01:18:14 INFO  Menu:64 - вибрався режим вводу
2023-11-05 01:18:14 INFO  Menu:36 - вибір команди
2023-11-05 01:18:15 ERROR Menu:41 - не вірна команда
2023-11-05 01:18:21 INFO  Menu:36 - вибір команди
2023-11-05 01:19:25 INFO  Menu:16 - програма запустилася
2023-11-05 01:19:27 INFO  Menu:53 - вибрався режим вводу
2023-11-05 01:19:27 INFO  Menu:54 - ввели дані з файлу
2023-11-05 01:19:27 INFO  CoffeeVan:62 - завантажили каву
2023-11-05 01:19:27 INFO  CoffeeVan:62 - завантажили каву
2023-11-05 01:19:27 INFO  CoffeeVan:62 - завантажили каву
2023-11-05 01:19:27 INFO  CoffeeVan:62 - завантажили каву
2023-11-05 01:19:27 INFO  Menu:36 - вибір команди
2023-11-05 01:19:29 ERROR Menu:41 - не вірна команда
2023-11-05 01:19:50 INFO  Menu:36 - вибір команди
2023-11-05 01:20:51 INFO  Menu:16 - програма запустилася
2023-11-05 01:20:57 INFO  Menu:53 - вибрався режим вводу
2023-11-05 01:20:57 INFO  Menu:54 - ввели дані з файлу
2023-11-05 01:20:57 INFO  CoffeeVan:62 - завантажили каву
2023-11-05 01:20:57 INFO  CoffeeVan:62 - завантажили каву
2023-11-05 01:20:57 INFO  CoffeeVan:62 - завантажили каву
2023-11-05 01:20:57 INFO  CoffeeVan:62 - завантажили каву
2023-11-05 01:20:57 INFO  Menu:36 - вибір команди
2023-11-05 01:20:59 ERROR Menu:41 - не вірна команда
2023-11-05 01:21:20 INFO  Menu:36 - вибір команди
2023-11-05 01:27:20 INFO  Menu:16 - програма запустилася
2023-11-05 01:27:26 INFO  Menu:53 - вибрався режим вводу
2023-11-05 01:27:26 INFO  Menu:54 - ввели дані з файлу
2023-11-05 01:27:26 INFO  CoffeeVan:62 - завантажили каву
2023-11-05 01:27:26 INFO  CoffeeVan:62 - завантажили каву
2023-11-05 01:27:26 INFO  CoffeeVan:62 - завантажили каву
2023-11-05 01:27:26 INFO  CoffeeVan:62 - завантажили каву
2023-11-05 01:27:26 INFO  Menu:36 - вибір команди
2023-11-05 01:27:30 ERROR Menu:41 - не вірна команда
2023-11-05 01:27:51 INFO  Menu:36 - вибір команди
2023-11-05 01:28:05 INFO  Menu:16 - програма запустилася
2023-11-05 01:28:12 INFO  Menu:53 - вибрався режим вводу
2023-11-05 01:28:12 INFO  Menu:54 - ввели дані з файлу
2023-11-05 01:28:12 INFO  CoffeeVan:62 - завантажили каву
2023-11-05 01:28:12 INFO  CoffeeVan:62 - завантажили каву
2023-11-05 01:28:12 INFO  CoffeeVan:62 - завантажили каву
2023-11-05 01:28:12 INFO  CoffeeVan:62 - завантажили каву
2023-11-05 01:28:12 INFO  Menu:36 - вибір команди
2023-11-05 01:28:14 ERROR Menu:41 - не вірна команда
2023-11-05 01:28:19 INFO  Menu:36 - вибір команди
2023-11-05 01:30:23 INFO  Menu:16 - програма запустилася
2023-11-05 01:30:34 INFO  Menu:53 - вибрався режим вводу
2023-11-05 01:30:34 INFO  Menu:54 - ввели дані з файлу
2023-11-05 01:30:34 INFO  CoffeeVan:62 - завантажили каву
2023-11-05 01:30:34 INFO  CoffeeVan:62 - завантажили каву
2023-11-05 01:30:34 INFO  CoffeeVan:62 - завантажили каву
2023-11-05 01:30:34 INFO  CoffeeVan:62 - завантажили каву
2023-11-05 01:30:34 INFO  Menu:36 - вибір команди
2023-11-05 01:30:35 ERROR Menu:41 - не вірна команда
2023-11-05 01:30:35 INFO  Menu:36 - вибір команди
2023-11-05 01:30:51 INFO  Menu:16 - програма запустилася
2023-11-05 01:30:53 INFO  Menu:53 - вибрався режим вводу
2023-11-05 01:30:53 INFO  Menu:54 - ввели дані з файлу
2023-11-05 01:30:53 INFO  CoffeeVan:62 - завантажили каву
2023-11-05 01:30:53 INFO  CoffeeVan:62 - завантажили каву
2023-11-05 01:30:53 INFO  CoffeeVan:62 - завантажили каву
2023-11-05 01:30:53 INFO  CoffeeVan:62 - завантажили каву
2023-11-05 01:30:53 INFO  Menu:36 - вибір команди
2023-11-05 01:30:54 ERROR Menu:41 - не вірна команда
2023-11-05 01:30:54 INFO  Menu:36 - вибір команди
2023-11-05 01:31:09 INFO  Menu:16 - програма запустилася
2023-11-05 01:31:13 INFO  Menu:53 - вибрався режим вводу
2023-11-05 01:31:13 INFO  Menu:54 - ввели дані з файлу
2023-11-05 01:31:13 INFO  CoffeeVan:62 - завантажили каву
2023-11-05 01:31:13 INFO  CoffeeVan:62 - завантажили каву
2023-11-05 01:31:13 INFO  CoffeeVan:62 - завантажили каву
2023-11-05 01:31:13 INFO  CoffeeVan:62 - завантажили каву
2023-11-05 01:31:13 INFO  Menu:36 - вибір команди
2023-11-05 01:31:14 ERROR Menu:41 - не вірна команда
2023-11-05 01:31:15 INFO  Menu:36 - вибір команди
2023-11-05 01:31:28 INFO  Menu:16 - програма запустилася
2023-11-05 01:31:30 INFO  Menu:53 - вибрався режим вводу
2023-11-05 01:31:30 INFO  Menu:54 - ввели дані з файлу
2023-11-05 01:31:30 INFO  CoffeeVan:62 - завантажили каву
2023-11-05 01:31:30 INFO  CoffeeVan:62 - завантажили каву
2023-11-05 01:31:30 INFO  CoffeeVan:62 - завантажили каву
2023-11-05 01:31:30 INFO  CoffeeVan:62 - завантажили каву
2023-11-05 01:31:30 INFO  Menu:36 - вибір команди
2023-11-05 01:31:32 ERROR Menu:41 - не вірна команда
2023-11-05 01:31:37 INFO  Menu:36 - вибір команди
2023-11-05 02:24:47 INFO  Menu:16 - програма запустилася
2023-11-05 02:24:58 INFO  Menu:53 - вибрався режим вводу
2023-11-05 02:24:58 INFO  Menu:54 - ввели дані з файлу
2023-11-05 02:24:58 INFO  CoffeeVan:62 - завантажили каву
2023-11-05 02:24:58 INFO  CoffeeVan:62 - завантажили каву
2023-11-05 02:24:58 INFO  CoffeeVan:62 - завантажили каву
2023-11-05 02:24:58 INFO  CoffeeVan:62 - завантажили каву
2023-11-05 02:24:58 INFO  Menu:36 - вибір команди
2023-11-05 02:25:21 ERROR Menu:41 - не вірна команда
2023-11-05 02:25:27 INFO  Menu:36 - вибір команди
2023-11-05 02:27:33 INFO  Menu:16 - програма запустилася
2023-11-05 02:27:40 INFO  Menu:53 - вибрався режим вводу
2023-11-05 02:27:40 INFO  Menu:54 - ввели дані з файлу
2023-11-05 02:27:40 INFO  CoffeeVan:62 - завантажили каву
2023-11-05 02:27:40 INFO  CoffeeVan:62 - завантажили каву
2023-11-05 02:27:40 INFO  CoffeeVan:62 - завантажили каву
2023-11-05 02:27:40 INFO  CoffeeVan:62 - завантажили каву
2023-11-05 02:27:40 INFO  Menu:36 - вибір команди
2023-11-05 02:27:46 ERROR Menu:41 - не вірна команда
2023-11-05 02:28:08 INFO  Menu:36 - вибір команди
2023-11-05 02:43:22 INFO  CoffeeVan:62 - завантажили каву
2023-11-05 02:43:22 INFO  CoffeeVan:62 - завантажили каву
2023-11-05 02:43:22 INFO  CoffeeVan:62 - завантажили каву
2023-11-05 02:43:22 INFO  CoffeeVan:62 - завантажили каву
2023-11-05 02:43:22 INFO  CoffeeVan:62 - завантажили каву
2023-11-05 02:43:22 INFO  CoffeeVan:78 - посортували каву за ціною і вагою
2023-11-05 02:43:22 INFO  CoffeeVan:128 - надрукували дані на екран
2023-11-05 02:43:22 INFO  CoffeeVan:62 - завантажили каву
2023-11-05 02:43:22 INFO  CoffeeVan:62 - завантажили каву
2023-11-05 02:43:22 INFO  CoffeeVan:62 - завантажили каву
2023-11-05 02:43:22 INFO  CoffeeVan:78 - посортували каву за ціною і вагою
2023-11-05 02:43:22 INFO  CoffeeVan:62 - завантажили каву
2023-11-05 02:43:22 INFO  CoffeeVan:62 - завантажили каву
2023-11-05 02:43:22 INFO  CoffeeVan:62 - завантажили каву
2023-11-05 02:43:22 INFO  CoffeeVan:62 - завантажили каву
2023-11-05 02:43:22 INFO  CoffeeVan:62 - завантажили каву
2023-11-05 02:43:22 INFO  CoffeeVan:88 - знайшли каву за типом, видом, почтковим роком, мін та макс ціною
2023-11-05 02:43:22 INFO  CoffeeVan:62 - завантажили каву
2023-11-05 02:43:22 INFO  CoffeeVan:62 - завантажили каву
2023-11-05 02:43:22 INFO  CoffeeVan:62 - завантажили каву
2023-11-05 02:43:22 INFO  CoffeeVan:62 - завантажили каву
2023-11-05 02:43:22 INFO  CoffeeVan:62 - завантажили каву
2023-11-05 02:43:22 INFO  CoffeeVan:103 - занайшли каву за типом кави
2023-11-05 02:43:22 INFO  CoffeeVan:62 - завантажили каву
2023-11-05 02:43:22 INFO  CoffeeVan:62 - завантажили каву
2023-11-05 02:43:22 INFO  CoffeeVan:62 - завантажили каву
2023-11-05 02:43:22 INFO  CoffeeVan:62 - завантажили каву
2023-11-05 02:43:22 INFO  CoffeeVan:62 - завантажили каву
2023-11-05 02:43:22 INFO  CoffeeVan:115 - видалили каву
2023-11-05 02:43:22 INFO  CoffeeVan:115 - видалили каву
2023-11-05 02:43:22 INFO  CoffeeVan:62 - завантажили каву
2023-11-05 02:43:22 INFO  CoffeeVan:62 - завантажили каву
2023-11-05 02:43:22 INFO  CoffeeVan:62 - завантажили каву
2023-11-05 02:43:22 INFO  CoffeeVan:62 - завантажили каву
2023-11-05 02:43:22 INFO  CoffeeVan:62 - завантажили каву
2023-11-05 02:43:22 INFO  CoffeeVan:62 - завантажили каву
2023-11-05 02:43:22 INFO  CoffeeVan:62 - завантажили каву
2023-11-05 02:43:22 INFO  CoffeeVan:128 - надрукували дані на екран
2023-11-05 02:43:22 INFO  CoffeeVan:62 - завантажили каву
2023-11-05 02:43:22 INFO  CoffeeVan:62 - завантажили каву
2023-11-05 02:43:22 INFO  CoffeeVan:62 - завантажили каву
2023-11-05 02:43:22 INFO  CoffeeVan:62 - завантажили каву
2023-11-05 02:43:22 INFO  CoffeeVan:62 - завантажили каву
2023-11-05 02:43:22 INFO  CoffeeVan:96 - занайшли каву за мін та макс ціною
2023-11-05 02:43:22 INFO  CoffeeVan:62 - завантажили каву
2023-11-05 02:43:22 INFO  CoffeeVan:62 - завантажили каву
2023-11-05 02:43:22 INFO  CoffeeVan:62 - завантажили каву
2023-11-05 02:43:22 INFO  CoffeeVan:62 - завантажили каву
2023-11-05 02:43:22 INFO  CoffeeVan:62 - завантажили каву
2023-11-05 02:43:22 INFO  CoffeeVan:110 - знайшли каву за типом контейнера та вагою
2023-11-05 02:46:11 INFO  CoffeeVan:62 - завантажили каву
2023-11-05 02:46:11 INFO  CoffeeVan:62 - завантажили каву
2023-11-05 02:46:11 INFO  CoffeeVan:62 - завантажили каву
2023-11-05 02:46:11 INFO  CoffeeVan:62 - завантажили каву
2023-11-05 02:46:11 INFO  CoffeeVan:62 - завантажили каву
2023-11-05 02:46:11 INFO  CoffeeVan:78 - посортували каву за ціною і вагою
2023-11-05 02:46:11 INFO  CoffeeVan:128 - надрукували дані на екран
2023-11-05 02:46:11 INFO  CoffeeVan:62 - завантажили каву
2023-11-05 02:46:11 INFO  CoffeeVan:62 - завантажили каву
2023-11-05 02:46:11 INFO  CoffeeVan:62 - завантажили каву
2023-11-05 02:46:11 INFO  CoffeeVan:78 - посортували каву за ціною і вагою
2023-11-05 02:46:11 INFO  CoffeeVan:62 - завантажили каву
2023-11-05 02:46:11 INFO  CoffeeVan:62 - завантажили каву
2023-11-05 02:46:11 INFO  CoffeeVan:62 - завантажили каву
2023-11-05 02:46:11 INFO  CoffeeVan:62 - завантажили каву
2023-11-05 02:46:11 INFO  CoffeeVan:62 - завантажили каву
2023-11-05 02:46:11 INFO  CoffeeVan:88 - знайшли каву за типом, видом, почтковим роком, мін та макс ціною
2023-11-05 02:46:11 INFO  CoffeeVan:62 - завантажили каву
2023-11-05 02:46:11 INFO  CoffeeVan:62 - завантажили каву
2023-11-05 02:46:11 INFO  CoffeeVan:62 - завантажили каву
2023-11-05 02:46:11 INFO  CoffeeVan:62 - завантажили каву
2023-11-05 02:46:11 INFO  CoffeeVan:62 - завантажили каву
2023-11-05 02:46:11 INFO  CoffeeVan:103 - занайшли каву за типом кави
2023-11-05 02:46:11 INFO  CoffeeVan:62 - завантажили каву
2023-11-05 02:46:11 INFO  CoffeeVan:62 - завантажили каву
2023-11-05 02:46:11 INFO  CoffeeVan:62 - завантажили каву
2023-11-05 02:46:11 INFO  CoffeeVan:62 - завантажили каву
2023-11-05 02:46:11 INFO  CoffeeVan:62 - завантажили каву
2023-11-05 02:46:11 INFO  CoffeeVan:115 - видалили каву
2023-11-05 02:46:11 INFO  CoffeeVan:115 - видалили каву
2023-11-05 02:46:11 INFO  CoffeeVan:62 - завантажили каву
2023-11-05 02:46:11 INFO  CoffeeVan:62 - завантажили каву
2023-11-05 02:46:11 INFO  CoffeeVan:62 - завантажили каву
2023-11-05 02:46:11 INFO  CoffeeVan:62 - завантажили каву
2023-11-05 02:46:11 INFO  CoffeeVan:62 - завантажили каву
2023-11-05 02:46:11 INFO  CoffeeVan:62 - завантажили каву
2023-11-05 02:46:11 INFO  CoffeeVan:62 - завантажили каву
2023-11-05 02:46:11 INFO  CoffeeVan:128 - надрукували дані на екран
2023-11-05 02:46:11 INFO  CoffeeVan:62 - завантажили каву
2023-11-05 02:46:11 INFO  CoffeeVan:62 - завантажили каву
2023-11-05 02:46:11 INFO  CoffeeVan:62 - завантажили каву
2023-11-05 02:46:11 INFO  CoffeeVan:62 - завантажили каву
2023-11-05 02:46:11 INFO  CoffeeVan:62 - завантажили каву
2023-11-05 02:46:11 INFO  CoffeeVan:96 - занайшли каву за мін та макс ціною
2023-11-05 02:46:11 INFO  CoffeeVan:62 - завантажили каву
2023-11-05 02:46:11 INFO  CoffeeVan:62 - завантажили каву
2023-11-05 02:46:11 INFO  CoffeeVan:62 - завантажили каву
2023-11-05 02:46:11 INFO  CoffeeVan:62 - завантажили каву
2023-11-05 02:46:11 INFO  CoffeeVan:62 - завантажили каву
2023-11-05 02:46:11 INFO  CoffeeVan:110 - знайшли каву за типом контейнера та вагою
2023-11-05 02:47:29 INFO  CoffeeVan:62 - завантажили каву
2023-11-05 02:47:29 INFO  CoffeeVan:62 - завантажили каву
2023-11-05 02:47:29 INFO  CoffeeVan:62 - завантажили каву
2023-11-05 02:47:29 INFO  CoffeeVan:62 - завантажили каву
2023-11-05 02:47:30 INFO  CoffeeVan:62 - завантажили каву
2023-11-05 02:47:30 INFO  CoffeeVan:78 - посортували каву за ціною і вагою
2023-11-05 02:47:30 INFO  CoffeeVan:128 - надрукували дані на екран
2023-11-05 02:47:30 INFO  CoffeeVan:62 - завантажили каву
2023-11-05 02:47:30 INFO  CoffeeVan:62 - завантажили каву
2023-11-05 02:47:30 INFO  CoffeeVan:62 - завантажили каву
2023-11-05 02:47:30 INFO  CoffeeVan:78 - посортували каву за ціною і вагою
2023-11-05 02:47:30 INFO  CoffeeVan:62 - завантажили каву
2023-11-05 02:47:30 INFO  CoffeeVan:62 - завантажили каву
2023-11-05 02:47:30 INFO  CoffeeVan:62 - завантажили каву
2023-11-05 02:47:30 INFO  CoffeeVan:62 - завантажили каву
2023-11-05 02:47:30 INFO  CoffeeVan:62 - завантажили каву
2023-11-05 02:47:30 INFO  CoffeeVan:88 - знайшли каву за типом, видом, почтковим роком, мін та макс ціною
2023-11-05 02:47:30 INFO  CoffeeVan:62 - завантажили каву
2023-11-05 02:47:30 INFO  CoffeeVan:62 - завантажили каву
2023-11-05 02:47:30 INFO  CoffeeVan:62 - завантажили каву
2023-11-05 02:47:30 INFO  CoffeeVan:62 - завантажили каву
2023-11-05 02:47:30 INFO  CoffeeVan:62 - завантажили каву
2023-11-05 02:47:30 INFO  CoffeeVan:103 - занайшли каву за типом кави
2023-11-05 02:47:30 INFO  CoffeeVan:62 - завантажили каву
2023-11-05 02:47:30 INFO  CoffeeVan:62 - завантажили каву
2023-11-05 02:47:30 INFO  CoffeeVan:62 - завантажили каву
2023-11-05 02:47:30 INFO  CoffeeVan:62 - завантажили каву
2023-11-05 02:47:30 INFO  CoffeeVan:62 - завантажили каву
2023-11-05 02:47:30 INFO  CoffeeVan:115 - видалили каву
2023-11-05 02:47:30 INFO  CoffeeVan:115 - видалили каву
2023-11-05 02:47:30 INFO  CoffeeVan:62 - завантажили каву
2023-11-05 02:47:30 INFO  CoffeeVan:62 - завантажили каву
2023-11-05 02:47:30 INFO  CoffeeVan:62 - завантажили каву
2023-11-05 02:47:30 INFO  CoffeeVan:62 - завантажили каву
2023-11-05 02:47:30 INFO  CoffeeVan:62 - завантажили каву
2023-11-05 02:47:30 INFO  CoffeeVan:62 - завантажили каву
2023-11-05 02:47:30 INFO  CoffeeVan:62 - завантажили каву
2023-11-05 02:47:30 INFO  CoffeeVan:128 - надрукували дані на екран
2023-11-05 02:47:30 INFO  CoffeeVan:62 - завантажили каву
2023-11-05 02:47:30 INFO  CoffeeVan:62 - завантажили каву
2023-11-05 02:47:30 INFO  CoffeeVan:62 - завантажили каву
2023-11-05 02:47:30 INFO  CoffeeVan:62 - завантажили каву
2023-11-05 02:47:30 INFO  CoffeeVan:62 - завантажили каву
2023-11-05 02:47:30 INFO  CoffeeVan:96 - занайшли каву за мін та макс ціною
2023-11-05 02:47:30 INFO  CoffeeVan:62 - завантажили каву
2023-11-05 02:47:30 INFO  CoffeeVan:62 - завантажили каву
2023-11-05 02:47:30 INFO  CoffeeVan:62 - завантажили каву
2023-11-05 02:47:30 INFO  CoffeeVan:62 - завантажили каву
2023-11-05 02:47:30 INFO  CoffeeVan:62 - завантажили каву
2023-11-05 02:47:30 INFO  CoffeeVan:110 - знайшли каву за типом контейнера та вагою
2023-11-05 02:58:53 INFO  CoffeeVan:62 - завантажили каву
2023-11-05 02:58:53 INFO  CoffeeVan:62 - завантажили каву
2023-11-05 02:58:53 INFO  CoffeeVan:62 - завантажили каву
2023-11-05 02:58:53 INFO  CoffeeVan:62 - завантажили каву
2023-11-05 02:58:54 INFO  CoffeeVan:62 - завантажили каву
2023-11-05 02:58:54 INFO  CoffeeVan:78 - посортували каву за ціною і вагою
2023-11-05 02:58:54 INFO  CoffeeVan:128 - надрукували дані на екран
2023-11-05 02:58:54 INFO  CoffeeVan:62 - завантажили каву
2023-11-05 02:58:54 INFO  CoffeeVan:62 - завантажили каву
2023-11-05 02:58:54 INFO  CoffeeVan:62 - завантажили каву
2023-11-05 02:58:54 INFO  CoffeeVan:78 - посортували каву за ціною і вагою
2023-11-05 02:58:54 INFO  CoffeeVan:62 - завантажили каву
2023-11-05 02:58:54 INFO  CoffeeVan:62 - завантажили каву
2023-11-05 02:58:54 INFO  CoffeeVan:62 - завантажили каву
2023-11-05 02:58:54 INFO  CoffeeVan:62 - завантажили каву
2023-11-05 02:58:54 INFO  CoffeeVan:62 - завантажили каву
2023-11-05 02:58:54 INFO  CoffeeVan:88 - знайшли каву за типом, видом, почтковим роком, мін та макс ціною
2023-11-05 02:58:54 INFO  CoffeeVan:62 - завантажили каву
2023-11-05 02:58:54 INFO  CoffeeVan:62 - завантажили каву
2023-11-05 02:58:54 INFO  CoffeeVan:62 - завантажили каву
2023-11-05 02:58:54 INFO  CoffeeVan:62 - завантажили каву
2023-11-05 02:58:54 INFO  CoffeeVan:62 - завантажили каву
2023-11-05 02:58:54 INFO  CoffeeVan:103 - занайшли каву за типом кави
2023-11-05 02:58:54 INFO  CoffeeVan:62 - завантажили каву
2023-11-05 02:58:54 INFO  CoffeeVan:62 - завантажили каву
2023-11-05 02:58:54 INFO  CoffeeVan:62 - завантажили каву
2023-11-05 02:58:54 INFO  CoffeeVan:62 - завантажили каву
2023-11-05 02:58:54 INFO  CoffeeVan:62 - завантажили каву
2023-11-05 02:58:54 INFO  CoffeeVan:115 - видалили каву
2023-11-05 02:58:54 INFO  CoffeeVan:115 - видалили каву
2023-11-05 02:58:54 INFO  CoffeeVan:62 - завантажили каву
2023-11-05 02:58:54 INFO  CoffeeVan:62 - завантажили каву
2023-11-05 02:58:54 INFO  CoffeeVan:62 - завантажили каву
2023-11-05 02:58:54 INFO  CoffeeVan:62 - завантажили каву
2023-11-05 02:58:54 INFO  CoffeeVan:62 - завантажили каву
2023-11-05 02:58:54 INFO  CoffeeVan:62 - завантажили каву
2023-11-05 02:58:54 INFO  CoffeeVan:62 - завантажили каву
2023-11-05 02:58:54 INFO  CoffeeVan:128 - надрукували дані на екран
2023-11-05 02:58:54 INFO  CoffeeVan:62 - завантажили каву
2023-11-05 02:58:54 INFO  CoffeeVan:62 - завантажили каву
2023-11-05 02:58:54 INFO  CoffeeVan:62 - завантажили каву
2023-11-05 02:58:54 INFO  CoffeeVan:62 - завантажили каву
2023-11-05 02:58:54 INFO  CoffeeVan:62 - завантажили каву
2023-11-05 02:58:54 INFO  CoffeeVan:96 - занайшли каву за мін та макс ціною
2023-11-05 02:58:54 INFO  CoffeeVan:62 - завантажили каву
2023-11-05 02:58:54 INFO  CoffeeVan:62 - завантажили каву
2023-11-05 02:58:54 INFO  CoffeeVan:62 - завантажили каву
2023-11-05 02:58:54 INFO  CoffeeVan:62 - завантажили каву
2023-11-05 02:58:54 INFO  CoffeeVan:62 - завантажили каву
2023-11-05 02:58:54 INFO  CoffeeVan:110 - знайшли каву за типом контейнера та вагою
2023-11-05 02:59:29 INFO  CoffeeVan:62 - завантажили каву
2023-11-05 02:59:29 INFO  CoffeeVan:128 - надрукували дані на екран
2023-11-05 03:00:50 INFO  CoffeeVan:62 - завантажили каву
2023-11-05 03:00:50 INFO  CoffeeVan:62 - завантажили каву
2023-11-05 03:00:50 INFO  CoffeeVan:62 - завантажили каву
2023-11-05 03:00:50 INFO  CoffeeVan:62 - завантажили каву
2023-11-05 03:00:50 INFO  CoffeeVan:62 - завантажили каву
2023-11-05 03:00:50 INFO  CoffeeVan:62 - завантажили каву
2023-11-05 03:00:50 INFO  CoffeeVan:62 - завантажили каву
2023-11-05 03:00:50 INFO  CoffeeVan:78 - посортували каву за ціною і вагою
2023-11-05 03:00:50 INFO  CoffeeVan:62 - завантажили каву
2023-11-05 03:00:50 INFO  CoffeeVan:62 - завантажили каву
2023-11-05 03:00:50 INFO  CoffeeVan:62 - завантажили каву
2023-11-05 03:00:50 INFO  CoffeeVan:62 - завантажили каву
2023-11-05 03:00:50 INFO  CoffeeVan:62 - завантажили каву
2023-11-05 03:00:50 INFO  CoffeeVan:88 - знайшли каву за типом, видом, почтковим роком, мін та макс ціною
2023-11-05 03:00:50 INFO  CoffeeVan:62 - завантажили каву
2023-11-05 03:00:50 INFO  CoffeeVan:62 - завантажили каву
2023-11-05 03:00:50 INFO  CoffeeVan:62 - завантажили каву
2023-11-05 03:00:50 INFO  CoffeeVan:62 - завантажили каву
2023-11-05 03:00:50 INFO  CoffeeVan:62 - завантажили каву
2023-11-05 03:00:50 INFO  CoffeeVan:103 - занайшли каву за типом кави
2023-11-05 03:00:50 INFO  CoffeeVan:62 - завантажили каву
2023-11-05 03:00:50 INFO  CoffeeVan:62 - завантажили каву
2023-11-05 03:00:50 INFO  CoffeeVan:62 - завантажили каву
2023-11-05 03:00:50 INFO  CoffeeVan:62 - завантажили каву
2023-11-05 03:00:50 INFO  CoffeeVan:62 - завантажили каву
2023-11-05 03:00:50 INFO  CoffeeVan:115 - видалили каву
2023-11-05 03:00:50 INFO  CoffeeVan:115 - видалили каву
2023-11-05 03:00:50 INFO  CoffeeVan:62 - завантажили каву
2023-11-05 03:00:50 INFO  CoffeeVan:62 - завантажили каву
2023-11-05 03:00:50 INFO  CoffeeVan:62 - завантажили каву
2023-11-05 03:00:50 INFO  CoffeeVan:62 - завантажили каву
2023-11-05 03:00:50 INFO  CoffeeVan:62 - завантажили каву
2023-11-05 03:00:50 INFO  CoffeeVan:62 - завантажили каву
2023-11-05 03:00:50 INFO  CoffeeVan:62 - завантажили каву
2023-11-05 03:00:50 INFO  CoffeeVan:62 - завантажили каву
2023-11-05 03:00:50 INFO  CoffeeVan:62 - завантажили каву
2023-11-05 03:00:50 INFO  CoffeeVan:62 - завантажили каву
2023-11-05 03:00:50 INFO  CoffeeVan:62 - завантажили каву
2023-11-05 03:00:50 INFO  CoffeeVan:96 - занайшли каву за мін та макс ціною
2023-11-05 03:00:50 INFO  CoffeeVan:62 - завантажили каву
2023-11-05 03:00:50 INFO  CoffeeVan:62 - завантажили каву
2023-11-05 03:00:50 INFO  CoffeeVan:62 - завантажили каву
2023-11-05 03:00:50 INFO  CoffeeVan:62 - завантажили каву
2023-11-05 03:00:50 INFO  CoffeeVan:62 - завантажили каву
2023-11-05 03:00:50 INFO  CoffeeVan:110 - знайшли каву за типом контейнера та вагою
2023-11-05 03:01:24 INFO  CoffeeVan:62 - завантажили каву
2023-11-05 03:01:24 INFO  CoffeeVan:62 - завантажили каву
2023-11-05 03:01:24 INFO  CoffeeVan:62 - завантажили каву
2023-11-05 03:01:24 INFO  CoffeeVan:62 - завантажили каву
2023-11-05 03:02:55 INFO  CoffeeVan:62 - завантажили каву
2023-11-05 03:02:55 INFO  CoffeeVan:62 - завантажили каву
2023-11-05 03:02:55 INFO  CoffeeVan:62 - завантажили каву
2023-11-05 03:02:55 INFO  CoffeeVan:78 - посортували каву за ціною і вагою
2023-11-05 03:02:55 INFO  CoffeeVan:62 - завантажили каву
2023-11-05 03:02:55 INFO  CoffeeVan:62 - завантажили каву
2023-11-05 03:02:55 INFO  CoffeeVan:62 - завантажили каву
2023-11-05 03:02:55 INFO  CoffeeVan:62 - завантажили каву
2023-11-05 03:02:55 INFO  CoffeeVan:62 - завантажили каву
2023-11-05 03:02:55 INFO  CoffeeVan:88 - знайшли каву за типом, видом, почтковим роком, мін та макс ціною
2023-11-05 03:02:55 INFO  CoffeeVan:62 - завантажили каву
2023-11-05 03:02:55 INFO  CoffeeVan:62 - завантажили каву
2023-11-05 03:02:55 INFO  CoffeeVan:62 - завантажили каву
2023-11-05 03:02:55 INFO  CoffeeVan:62 - завантажили каву
2023-11-05 03:02:55 INFO  CoffeeVan:62 - завантажили каву
2023-11-05 03:02:55 INFO  CoffeeVan:103 - занайшли каву за типом кави
2023-11-05 03:02:55 INFO  CoffeeVan:62 - завантажили каву
2023-11-05 03:02:55 INFO  CoffeeVan:62 - завантажили каву
2023-11-05 03:02:55 INFO  CoffeeVan:62 - завантажили каву
2023-11-05 03:02:55 INFO  CoffeeVan:62 - завантажили каву
2023-11-05 03:02:55 INFO  CoffeeVan:62 - завантажили каву
2023-11-05 03:02:55 INFO  CoffeeVan:115 - видалили каву
2023-11-05 03:02:55 INFO  CoffeeVan:115 - видалили каву
2023-11-05 03:02:55 INFO  CoffeeVan:62 - завантажили каву
2023-11-05 03:02:55 INFO  CoffeeVan:62 - завантажили каву
2023-11-05 03:02:55 INFO  CoffeeVan:62 - завантажили каву
2023-11-05 03:02:55 INFO  CoffeeVan:62 - завантажили каву
2023-11-05 03:02:55 INFO  CoffeeVan:62 - завантажили каву
2023-11-05 03:02:55 INFO  CoffeeVan:62 - завантажили каву
2023-11-05 03:02:55 INFO  CoffeeVan:62 - завантажили каву
2023-11-05 03:02:55 INFO  CoffeeVan:62 - завантажили каву
2023-11-05 03:02:55 INFO  CoffeeVan:62 - завантажили каву
2023-11-05 03:02:55 INFO  CoffeeVan:62 - завантажили каву
2023-11-05 03:02:55 INFO  CoffeeVan:62 - завантажили каву
2023-11-05 03:02:55 INFO  CoffeeVan:96 - занайшли каву за мін та макс ціною
2023-11-05 03:02:55 INFO  CoffeeVan:62 - завантажили каву
2023-11-05 03:02:55 INFO  CoffeeVan:62 - завантажили каву
2023-11-05 03:02:55 INFO  CoffeeVan:62 - завантажили каву
2023-11-05 03:02:55 INFO  CoffeeVan:62 - завантажили каву
2023-11-05 03:02:55 INFO  CoffeeVan:62 - завантажили каву
2023-11-05 03:02:55 INFO  CoffeeVan:110 - знайшли каву за типом контейнера та вагою
2023-11-05 15:33:42 INFO  Menu:16 - програма запустилася
2023-11-05 15:33:46 INFO  Menu:53 - вибрався режим вводу
2023-11-05 15:33:46 INFO  Menu:54 - ввели дані з файлу
2023-11-05 15:33:47 INFO  CoffeeVan:62 - завантажили каву
2023-11-05 15:33:47 INFO  CoffeeVan:62 - завантажили каву
2023-11-05 15:33:47 INFO  CoffeeVan:62 - завантажили каву
2023-11-05 15:33:47 INFO  CoffeeVan:62 - завантажили каву
2023-11-05 15:33:47 INFO  Menu:36 - вибір команди
2023-11-05 15:33:47 ERROR Menu:41 - не вірна команда
2023-11-05 15:34:08 INFO  Menu:36 - вибір команди
2023-11-05 16:02:31 INFO  Menu:16 - програма запустилася
2023-11-05 16:02:33 INFO  Menu:53 - вибрався режим вводу
2023-11-05 16:02:33 INFO  Menu:54 - ввели дані з файлу
2023-11-05 16:02:33 INFO  CoffeeVan:62 - завантажили каву
2023-11-05 16:02:33 INFO  CoffeeVan:62 - завантажили каву
2023-11-05 16:02:33 INFO  CoffeeVan:62 - завантажили каву
2023-11-05 16:02:33 INFO  CoffeeVan:62 - завантажили каву
2023-11-05 16:02:33 INFO  Menu:36 - вибір команди
2023-11-05 16:02:34 ERROR Menu:41 - не вірна команда
2023-11-05 16:02:44 INFO  Menu:36 - вибір команди
2023-11-05 16:04:36 INFO  Menu:16 - програма запустилася
2023-11-05 16:04:42 INFO  Menu:53 - вибрався режим вводу
2023-11-05 16:04:42 INFO  Menu:54 - ввели дані з файлу
2023-11-05 16:04:42 INFO  CoffeeVan:62 - завантажили каву
2023-11-05 16:04:42 INFO  CoffeeVan:62 - завантажили каву
2023-11-05 16:04:42 INFO  CoffeeVan:62 - завантажили каву
2023-11-05 16:04:42 INFO  CoffeeVan:62 - завантажили каву
2023-11-05 16:04:42 INFO  Menu:36 - вибір команди
2023-11-05 16:04:44 ERROR Menu:41 - не вірна команда
2023-11-05 16:04:54 INFO  Menu:36 - вибір команди
2023-11-05 16:06:08 INFO  Menu:16 - програма запустилася
2023-11-05 16:06:13 INFO  Menu:53 - вибрався режим вводу
2023-11-05 16:06:13 INFO  Menu:54 - ввели дані з файлу
2023-11-05 16:06:13 INFO  CoffeeVan:62 - завантажили каву
2023-11-05 16:06:13 INFO  CoffeeVan:62 - завантажили каву
2023-11-05 16:06:13 INFO  CoffeeVan:62 - завантажили каву
2023-11-05 16:06:13 INFO  CoffeeVan:62 - завантажили каву
2023-11-05 16:06:13 INFO  Menu:36 - вибір команди
2023-11-05 16:06:13 ERROR Menu:41 - не вірна команда
2023-11-05 16:06:23 INFO  Menu:36 - вибір команди
2023-11-05 20:49:05 INFO  Menu:16 - програма запустилася
2023-11-05 20:49:08 INFO  Menu:53 - вибрався режим вводу
2023-11-05 20:49:08 INFO  Menu:54 - ввели дані з файлу
2023-11-05 20:49:08 INFO  CoffeeVan:62 - завантажили каву
2023-11-05 20:49:08 INFO  CoffeeVan:62 - завантажили каву
2023-11-05 20:49:08 INFO  CoffeeVan:62 - завантажили каву
2023-11-05 20:49:08 INFO  CoffeeVan:62 - завантажили каву
2023-11-05 20:49:08 INFO  Menu:36 - вибір команди
2023-11-05 20:49:23 ERROR Menu:41 - не вірна команда
2023-11-05 20:49:44 INFO  Menu:36 - вибір команди
2023-11-05 20:50:38 INFO  Menu:16 - програма запустилася
2023-11-05 20:50:42 INFO  Menu:53 - вибрався режим вводу
2023-11-05 20:50:42 INFO  Menu:54 - ввели дані з файлу
2023-11-05 20:50:42 INFO  CoffeeVan:62 - завантажили каву
2023-11-05 20:50:42 INFO  CoffeeVan:62 - завантажили каву
2023-11-05 20:50:42 INFO  CoffeeVan:62 - завантажили каву
2023-11-05 20:50:42 INFO  CoffeeVan:62 - завантажили каву
2023-11-05 20:50:42 INFO  Menu:36 - вибір команди
2023-11-05 20:50:43 ERROR Menu:41 - не вірна команда
2023-11-05 20:51:04 INFO  Menu:36 - вибір команди
2023-11-05 22:59:19 INFO  CoffeeVan:62 - завантажили каву
2023-11-05 22:59:19 INFO  CoffeeVan:62 - завантажили каву
2023-11-05 22:59:19 INFO  CoffeeVan:62 - завантажили каву
2023-11-05 22:59:19 INFO  CoffeeVan:78 - посортували каву за ціною і вагою
2023-11-05 22:59:19 INFO  CoffeeVan:62 - завантажили каву
2023-11-05 22:59:19 INFO  CoffeeVan:62 - завантажили каву
2023-11-05 22:59:19 INFO  CoffeeVan:62 - завантажили каву
2023-11-05 22:59:19 INFO  CoffeeVan:62 - завантажили каву
2023-11-05 22:59:19 INFO  CoffeeVan:62 - завантажили каву
2023-11-05 22:59:19 INFO  CoffeeVan:88 - знайшли каву за типом, видом, почтковим роком, мін та макс ціною
2023-11-05 22:59:19 INFO  CoffeeVan:62 - завантажили каву
2023-11-05 22:59:19 INFO  CoffeeVan:62 - завантажили каву
2023-11-05 22:59:19 INFO  CoffeeVan:62 - завантажили каву
2023-11-05 22:59:19 INFO  CoffeeVan:62 - завантажили каву
2023-11-05 22:59:19 INFO  CoffeeVan:62 - завантажили каву
2023-11-05 22:59:19 INFO  CoffeeVan:103 - занайшли каву за типом кави
2023-11-05 22:59:19 INFO  CoffeeVan:62 - завантажили каву
2023-11-05 22:59:19 INFO  CoffeeVan:62 - завантажили каву
2023-11-05 22:59:19 INFO  CoffeeVan:62 - завантажили каву
2023-11-05 22:59:19 INFO  CoffeeVan:62 - завантажили каву
2023-11-05 22:59:19 INFO  CoffeeVan:62 - завантажили каву
2023-11-05 22:59:19 INFO  CoffeeVan:115 - видалили каву
2023-11-05 22:59:19 INFO  CoffeeVan:115 - видалили каву
2023-11-05 22:59:19 INFO  CoffeeVan:62 - завантажили каву
2023-11-05 22:59:19 INFO  CoffeeVan:62 - завантажили каву
2023-11-05 22:59:19 INFO  CoffeeVan:62 - завантажили каву
2023-11-05 22:59:19 INFO  CoffeeVan:62 - завантажили каву
2023-11-05 22:59:19 INFO  CoffeeVan:62 - завантажили каву
2023-11-05 22:59:19 INFO  CoffeeVan:62 - завантажили каву
2023-11-05 22:59:19 INFO  CoffeeVan:62 - завантажили каву
2023-11-05 22:59:19 INFO  CoffeeVan:62 - завантажили каву
2023-11-05 22:59:19 INFO  CoffeeVan:62 - завантажили каву
2023-11-05 22:59:19 INFO  CoffeeVan:62 - завантажили каву
2023-11-05 22:59:19 INFO  CoffeeVan:62 - завантажили каву
2023-11-05 22:59:19 INFO  CoffeeVan:96 - занайшли каву за мін та макс ціною
2023-11-05 22:59:19 INFO  CoffeeVan:62 - завантажили каву
2023-11-05 22:59:19 INFO  CoffeeVan:62 - завантажили каву
2023-11-05 22:59:19 INFO  CoffeeVan:62 - завантажили каву
2023-11-05 22:59:19 INFO  CoffeeVan:62 - завантажили каву
2023-11-05 22:59:19 INFO  CoffeeVan:62 - завантажили каву
2023-11-05 22:59:19 INFO  CoffeeVan:110 - знайшли каву за типом контейнера та вагою
2023-11-05 23:00:25 INFO  Menu:16 - програма запустилася
2023-11-05 23:01:17 INFO  Menu:53 - вибрався режим вводу
2023-11-05 23:01:17 INFO  Menu:54 - ввели дані з файлу
2023-11-05 23:01:17 INFO  CoffeeVan:61 - завантажили каву
2023-11-05 23:01:17 INFO  CoffeeVan:61 - завантажили каву
2023-11-05 23:01:17 INFO  CoffeeVan:61 - завантажили каву
2023-11-05 23:01:17 INFO  CoffeeVan:61 - завантажили каву
2023-11-05 23:01:17 INFO  Menu:36 - вибір команди
2023-11-05 23:01:24 INFO  CoffeeVan:77 - посортували каву за ціною і вагою
2023-11-05 23:01:24 INFO  Menu:36 - вибір команди
2023-11-05 23:01:46 INFO  CoffeeVan:127 - надрукували дані на екран
2023-11-05 23:01:46 INFO  Menu:36 - вибір команди
2023-11-06 09:39:20 INFO  CoffeeVan:61 - завантажили каву
2023-11-06 09:39:20 INFO  CoffeeVan:61 - завантажили каву
2023-11-06 09:39:20 INFO  CoffeeVan:61 - завантажили каву
2023-11-06 09:39:20 INFO  CoffeeVan:77 - посортували каву за ціною і вагою
2023-11-06 09:39:20 INFO  CoffeeVan:61 - завантажили каву
2023-11-06 09:39:20 INFO  CoffeeVan:61 - завантажили каву
2023-11-06 09:39:20 INFO  CoffeeVan:61 - завантажили каву
2023-11-06 09:39:20 INFO  CoffeeVan:61 - завантажили каву
2023-11-06 09:39:20 INFO  CoffeeVan:61 - завантажили каву
2023-11-06 09:39:20 INFO  CoffeeVan:87 - знайшли каву за типом, видом, почтковим роком, мін та макс ціною
2023-11-06 09:39:20 INFO  CoffeeVan:61 - завантажили каву
2023-11-06 09:39:20 INFO  CoffeeVan:61 - завантажили каву
2023-11-06 09:39:20 INFO  CoffeeVan:61 - завантажили каву
2023-11-06 09:39:20 INFO  CoffeeVan:61 - завантажили каву
2023-11-06 09:39:20 INFO  CoffeeVan:61 - завантажили каву
2023-11-06 09:39:20 INFO  CoffeeVan:102 - занайшли каву за типом кави
2023-11-06 09:39:20 INFO  CoffeeVan:61 - завантажили каву
2023-11-06 09:39:20 INFO  CoffeeVan:61 - завантажили каву
2023-11-06 09:39:20 INFO  CoffeeVan:61 - завантажили каву
2023-11-06 09:39:20 INFO  CoffeeVan:61 - завантажили каву
2023-11-06 09:39:20 INFO  CoffeeVan:61 - завантажили каву
2023-11-06 09:39:20 INFO  CoffeeVan:114 - видалили каву
2023-11-06 09:39:20 INFO  CoffeeVan:114 - видалили каву
2023-11-06 09:39:20 INFO  CoffeeVan:61 - завантажили каву
2023-11-06 09:39:20 INFO  CoffeeVan:61 - завантажили каву
2023-11-06 09:39:20 INFO  CoffeeVan:61 - завантажили каву
2023-11-06 09:39:20 INFO  CoffeeVan:61 - завантажили каву
2023-11-06 09:39:20 INFO  CoffeeVan:61 - завантажили каву
2023-11-06 09:39:20 INFO  CoffeeVan:61 - завантажили каву
2023-11-06 09:39:20 INFO  CoffeeVan:61 - завантажили каву
2023-11-06 09:39:20 INFO  CoffeeVan:61 - завантажили каву
2023-11-06 09:39:20 INFO  CoffeeVan:61 - завантажили каву
2023-11-06 09:39:20 INFO  CoffeeVan:61 - завантажили каву
2023-11-06 09:39:20 INFO  CoffeeVan:61 - завантажили каву
2023-11-06 09:39:20 INFO  CoffeeVan:95 - занайшли каву за мін та макс ціною
2023-11-06 09:39:20 INFO  CoffeeVan:61 - завантажили каву
2023-11-06 09:39:20 INFO  CoffeeVan:61 - завантажили каву
2023-11-06 09:39:20 INFO  CoffeeVan:61 - завантажили каву
2023-11-06 09:39:20 INFO  CoffeeVan:61 - завантажили каву
2023-11-06 09:39:20 INFO  CoffeeVan:61 - завантажили каву
2023-11-06 09:39:20 INFO  CoffeeVan:109 - знайшли каву за типом контейнера та вагою
2023-11-06 09:39:36 INFO  CoffeeVan:61 - завантажили каву
2023-11-06 09:39:36 INFO  CoffeeVan:61 - завантажили каву
2023-11-06 09:39:36 INFO  CoffeeVan:61 - завантажили каву
2023-11-06 09:39:36 INFO  CoffeeVan:77 - посортували каву за ціною і вагою
2023-11-06 09:39:36 INFO  CoffeeVan:61 - завантажили каву
2023-11-06 09:39:36 INFO  CoffeeVan:61 - завантажили каву
2023-11-06 09:39:36 INFO  CoffeeVan:61 - завантажили каву
2023-11-06 09:39:36 INFO  CoffeeVan:61 - завантажили каву
2023-11-06 09:39:36 INFO  CoffeeVan:61 - завантажили каву
2023-11-06 09:39:36 INFO  CoffeeVan:87 - знайшли каву за типом, видом, почтковим роком, мін та макс ціною
2023-11-06 09:39:36 INFO  CoffeeVan:61 - завантажили каву
2023-11-06 09:39:36 INFO  CoffeeVan:61 - завантажили каву
2023-11-06 09:39:36 INFO  CoffeeVan:61 - завантажили каву
2023-11-06 09:39:36 INFO  CoffeeVan:61 - завантажили каву
2023-11-06 09:39:36 INFO  CoffeeVan:61 - завантажили каву
2023-11-06 09:39:36 INFO  CoffeeVan:102 - занайшли каву за типом кави
2023-11-06 09:39:36 INFO  CoffeeVan:61 - завантажили каву
2023-11-06 09:39:36 INFO  CoffeeVan:61 - завантажили каву
2023-11-06 09:39:36 INFO  CoffeeVan:61 - завантажили каву
2023-11-06 09:39:36 INFO  CoffeeVan:61 - завантажили каву
2023-11-06 09:39:36 INFO  CoffeeVan:61 - завантажили каву
2023-11-06 09:39:36 INFO  CoffeeVan:114 - видалили каву
2023-11-06 09:39:36 INFO  CoffeeVan:114 - видалили каву
2023-11-06 09:39:36 INFO  CoffeeVan:61 - завантажили каву
2023-11-06 09:39:36 INFO  CoffeeVan:61 - завантажили каву
2023-11-06 09:39:36 INFO  CoffeeVan:61 - завантажили каву
2023-11-06 09:39:36 INFO  CoffeeVan:61 - завантажили каву
2023-11-06 09:39:36 INFO  CoffeeVan:61 - завантажили каву
2023-11-06 09:39:36 INFO  CoffeeVan:61 - завантажили каву
2023-11-06 09:39:36 INFO  CoffeeVan:61 - завантажили каву
2023-11-06 09:39:36 INFO  CoffeeVan:61 - завантажили каву
2023-11-06 09:39:36 INFO  CoffeeVan:61 - завантажили каву
2023-11-06 09:39:36 INFO  CoffeeVan:61 - завантажили каву
2023-11-06 09:39:36 INFO  CoffeeVan:61 - завантажили каву
2023-11-06 09:39:36 INFO  CoffeeVan:95 - занайшли каву за мін та макс ціною
2023-11-06 09:39:36 INFO  CoffeeVan:61 - завантажили каву
2023-11-06 09:39:36 INFO  CoffeeVan:61 - завантажили каву
2023-11-06 09:39:36 INFO  CoffeeVan:61 - завантажили каву
2023-11-06 09:39:36 INFO  CoffeeVan:61 - завантажили каву
2023-11-06 09:39:36 INFO  CoffeeVan:61 - завантажили каву
2023-11-06 09:39:36 INFO  CoffeeVan:109 - знайшли каву за типом контейнера та вагою
2023-11-06 09:44:48 INFO  Menu:16 - програма запустилася
2023-11-06 09:44:54 INFO  Menu:53 - вибрався режим вводу
2023-11-06 09:44:54 INFO  Menu:54 - ввели дані з файлу
2023-11-06 09:44:54 INFO  CoffeeVan:61 - завантажили каву
2023-11-06 09:44:54 INFO  CoffeeVan:61 - завантажили каву
2023-11-06 09:44:54 INFO  CoffeeVan:61 - завантажили каву
2023-11-06 09:44:54 INFO  CoffeeVan:61 - завантажили каву
2023-11-06 09:44:54 INFO  Menu:36 - вибір команди
2023-11-06 09:45:08 INFO  CoffeeVan:127 - надрукували дані на екран
2023-11-06 09:45:08 INFO  Menu:36 - вибір команди
2023-11-06 09:46:04 ERROR Menu:41 - не вірна команда
2023-11-06 09:46:25 INFO  Menu:36 - вибір команди
2023-11-06 09:46:25 INFO  CoffeeVan:127 - надрукували дані на екран
2023-11-06 09:46:25 INFO  Menu:36 - вибір команди
2023-11-06 09:47:46 INFO  Menu:16 - програма запустилася
2023-11-06 21:27:13 INFO  Menu:16 - програма запустилася
2023-11-06 23:28:54 INFO  Menu:16 - програма запустилася
2023-11-06 23:28:57 INFO  Menu:53 - вибрався режим вводу
2023-11-06 23:28:57 INFO  Menu:54 - ввели дані з файлу
2023-11-06 23:28:57 INFO  CoffeeVan:61 - завантажили каву
2023-11-06 23:28:57 INFO  CoffeeVan:61 - завантажили каву
2023-11-06 23:28:57 INFO  CoffeeVan:61 - завантажили каву
2023-11-06 23:28:57 INFO  CoffeeVan:61 - завантажили каву
2023-11-06 23:28:57 INFO  Menu:36 - вибір команди
2023-11-06 23:28:58 ERROR Menu:41 - не вірна команда
2023-11-06 23:29:19 INFO  Menu:36 - вибір команди
2023-11-06 23:31:56 INFO  Menu:16 - програма запустилася
2023-11-06 23:32:04 INFO  Menu:64 - вибрався режим вводу
2023-11-06 23:32:04 INFO  Menu:36 - вибір команди
2023-11-06 23:32:05 ERROR Menu:41 - не вірна команда
2023-11-06 23:32:26 INFO  Menu:36 - вибір команди
2023-11-06 23:45:03 INFO  Menu:16 - програма запустилася
2023-11-06 23:45:07 INFO  Menu:53 - вибрався режим вводу
2023-11-06 23:45:07 INFO  Menu:54 - ввели дані з файлу
2023-11-06 23:45:07 INFO  CoffeeVan:61 - завантажили каву
2023-11-06 23:45:07 INFO  CoffeeVan:61 - завантажили каву
2023-11-06 23:45:07 INFO  CoffeeVan:61 - завантажили каву
2023-11-06 23:45:07 INFO  CoffeeVan:61 - завантажили каву
2023-11-06 23:45:07 INFO  Menu:36 - вибір команди
2023-11-06 23:45:08 ERROR Menu:41 - не вірна команда
2023-11-06 23:45:18 INFO  Menu:36 - вибір команди
2023-11-06 23:45:42 INFO  Menu:16 - програма запустилася
2023-11-06 23:45:45 INFO  Menu:53 - вибрався режим вводу
2023-11-06 23:45:45 INFO  Menu:54 - ввели дані з файлу
2023-11-06 23:45:45 INFO  CoffeeVan:61 - завантажили каву
2023-11-06 23:45:45 INFO  CoffeeVan:61 - завантажили каву
2023-11-06 23:45:45 INFO  CoffeeVan:61 - завантажили каву
2023-11-06 23:45:45 INFO  CoffeeVan:61 - завантажили каву
2023-11-06 23:45:45 INFO  Menu:36 - вибір команди
2023-11-06 23:45:45 ERROR Menu:41 - не вірна команда
2023-11-06 23:45:51 INFO  Menu:36 - вибір команди
2023-11-06 23:46:05 INFO  Menu:16 - програма запустилася
2023-11-06 23:46:08 INFO  Menu:53 - вибрався режим вводу
2023-11-06 23:46:08 INFO  Menu:54 - ввели дані з файлу
2023-11-06 23:46:08 INFO  CoffeeVan:61 - завантажили каву
2023-11-06 23:46:08 INFO  CoffeeVan:61 - завантажили каву
2023-11-06 23:46:08 INFO  CoffeeVan:61 - завантажили каву
2023-11-06 23:46:08 INFO  CoffeeVan:61 - завантажили каву
2023-11-06 23:46:08 INFO  Menu:36 - вибір команди
2023-11-06 23:46:08 ERROR Menu:41 - не вірна команда
2023-11-06 23:46:13 INFO  Menu:36 - вибір команди
2023-11-06 23:46:39 INFO  Menu:16 - програма запустилася
2023-11-06 23:46:44 INFO  Menu:53 - вибрався режим вводу
2023-11-06 23:46:44 INFO  Menu:54 - ввели дані з файлу
2023-11-06 23:46:44 INFO  CoffeeVan:61 - завантажили каву
2023-11-06 23:46:44 INFO  CoffeeVan:61 - завантажили каву
2023-11-06 23:46:44 INFO  CoffeeVan:61 - завантажили каву
2023-11-06 23:46:44 INFO  CoffeeVan:61 - завантажили каву
2023-11-06 23:46:44 INFO  Menu:36 - вибір команди
2023-11-06 23:46:44 ERROR Menu:41 - не вірна команда
2023-11-06 23:47:05 INFO  Menu:36 - вибір команди
2023-11-06 23:47:46 INFO  Menu:16 - програма запустилася
2023-11-06 23:47:49 INFO  Menu:53 - вибрався режим вводу
2023-11-06 23:47:49 INFO  Menu:54 - ввели дані з файлу
2023-11-06 23:47:49 INFO  CoffeeVan:61 - завантажили каву
2023-11-06 23:47:49 INFO  CoffeeVan:61 - завантажили каву
2023-11-06 23:47:49 INFO  CoffeeVan:61 - завантажили каву
2023-11-06 23:47:49 INFO  CoffeeVan:61 - завантажили каву
2023-11-06 23:47:49 INFO  Menu:36 - вибір команди
2023-11-06 23:47:50 ERROR Menu:41 - не вірна команда
2023-11-06 23:48:11 INFO  Menu:36 - вибір команди
2023-11-06 23:48:39 INFO  Menu:16 - програма запустилася
2023-11-06 23:48:41 INFO  Menu:53 - вибрався режим вводу
2023-11-06 23:48:41 INFO  Menu:54 - ввели дані з файлу
2023-11-06 23:48:41 INFO  CoffeeVan:61 - завантажили каву
2023-11-06 23:48:41 INFO  CoffeeVan:61 - завантажили каву
2023-11-06 23:48:41 INFO  CoffeeVan:61 - завантажили каву
2023-11-06 23:48:41 INFO  CoffeeVan:61 - завантажили каву
2023-11-06 23:48:41 INFO  Menu:36 - вибір команди
2023-11-06 23:48:41 ERROR Menu:41 - не вірна команда
2023-11-06 23:49:02 INFO  Menu:36 - вибір команди
2023-11-06 23:49:16 INFO  Menu:16 - програма запустилася
2023-11-06 23:49:23 INFO  Menu:16 - програма запустилася
2023-11-06 23:49:25 INFO  Menu:53 - вибрався режим вводу
2023-11-06 23:49:25 INFO  Menu:54 - ввели дані з файлу
2023-11-06 23:49:25 INFO  CoffeeVan:61 - завантажили каву
2023-11-06 23:49:25 INFO  CoffeeVan:61 - завантажили каву
2023-11-06 23:49:25 INFO  CoffeeVan:61 - завантажили каву
2023-11-06 23:49:25 INFO  CoffeeVan:61 - завантажили каву
2023-11-06 23:49:25 INFO  Menu:36 - вибір команди
2023-11-06 23:49:25 ERROR Menu:41 - не вірна команда
2023-11-06 23:49:35 INFO  Menu:36 - вибір команди
2023-11-06 23:49:46 INFO  Menu:16 - програма запустилася
2023-11-06 23:49:48 INFO  Menu:53 - вибрався режим вводу
2023-11-06 23:49:48 INFO  Menu:54 - ввели дані з файлу
2023-11-06 23:49:48 INFO  CoffeeVan:61 - завантажили каву
2023-11-06 23:49:48 INFO  CoffeeVan:61 - завантажили каву
2023-11-06 23:49:48 INFO  CoffeeVan:61 - завантажили каву
2023-11-06 23:49:48 INFO  CoffeeVan:61 - завантажили каву
2023-11-06 23:49:48 INFO  Menu:36 - вибір команди
2023-11-06 23:49:49 ERROR Menu:41 - не вірна команда
2023-11-06 23:49:54 INFO  Menu:36 - вибір команди
2023-11-06 23:50:00 ERROR Menu:41 - не вірна команда
2023-11-06 23:50:04 INFO  Menu:36 - вибір команди
2023-11-06 23:50:34 INFO  Menu:16 - програма запустилася
2023-11-06 23:50:36 INFO  Menu:53 - вибрався режим вводу
2023-11-06 23:50:36 INFO  Menu:54 - ввели дані з файлу
2023-11-06 23:50:36 INFO  CoffeeVan:61 - завантажили каву
2023-11-06 23:50:36 INFO  CoffeeVan:61 - завантажили каву
2023-11-06 23:50:36 INFO  CoffeeVan:61 - завантажили каву
2023-11-06 23:50:36 INFO  CoffeeVan:61 - завантажили каву
2023-11-06 23:50:36 INFO  Menu:36 - вибір команди
2023-11-06 23:50:36 ERROR Menu:41 - не вірна команда
2023-11-06 23:50:41 INFO  Menu:36 - вибір команди
2023-11-06 23:50:57 INFO  Menu:16 - програма запустилася
2023-11-06 23:50:59 INFO  Menu:53 - вибрався режим вводу
2023-11-06 23:50:59 INFO  Menu:54 - ввели дані з файлу
2023-11-06 23:50:59 INFO  CoffeeVan:61 - завантажили каву
2023-11-06 23:50:59 INFO  CoffeeVan:61 - завантажили каву
2023-11-06 23:50:59 INFO  CoffeeVan:61 - завантажили каву
2023-11-06 23:50:59 INFO  CoffeeVan:61 - завантажили каву
2023-11-06 23:50:59 INFO  Menu:36 - вибір команди
2023-11-06 23:51:00 ERROR Menu:41 - не вірна команда
2023-11-06 23:51:04 INFO  Menu:36 - вибір команди
2023-11-12 23:25:48 INFO  CoffeeVan:61 - завантажили каву
2023-11-12 23:25:48 INFO  CoffeeVan:61 - завантажили каву
2023-11-12 23:25:48 INFO  CoffeeVan:61 - завантажили каву
2023-11-12 23:25:48 INFO  CoffeeVan:77 - посортували каву за ціною і вагою
2023-11-12 23:25:48 INFO  CoffeeVan:61 - завантажили каву
2023-11-12 23:25:48 INFO  CoffeeVan:61 - завантажили каву
2023-11-12 23:25:48 INFO  CoffeeVan:61 - завантажили каву
2023-11-12 23:25:48 INFO  CoffeeVan:61 - завантажили каву
2023-11-12 23:25:48 INFO  CoffeeVan:61 - завантажили каву
2023-11-12 23:25:48 INFO  CoffeeVan:87 - знайшли каву за типом, видом, почтковим роком, мін та макс ціною
2023-11-12 23:25:48 INFO  CoffeeVan:61 - завантажили каву
2023-11-12 23:25:48 INFO  CoffeeVan:61 - завантажили каву
2023-11-12 23:25:48 INFO  CoffeeVan:61 - завантажили каву
2023-11-12 23:25:48 INFO  CoffeeVan:61 - завантажили каву
2023-11-12 23:25:48 INFO  CoffeeVan:61 - завантажили каву
2023-11-12 23:25:48 INFO  CoffeeVan:102 - занайшли каву за типом кави
2023-11-12 23:25:48 INFO  CoffeeVan:61 - завантажили каву
2023-11-12 23:25:48 INFO  CoffeeVan:61 - завантажили каву
2023-11-12 23:25:48 INFO  CoffeeVan:61 - завантажили каву
2023-11-12 23:25:48 INFO  CoffeeVan:61 - завантажили каву
2023-11-12 23:25:48 INFO  CoffeeVan:61 - завантажили каву
2023-11-12 23:25:48 INFO  CoffeeVan:114 - видалили каву
2023-11-12 23:25:48 INFO  CoffeeVan:114 - видалили каву
2023-11-12 23:25:48 INFO  CoffeeVan:61 - завантажили каву
2023-11-12 23:25:48 INFO  CoffeeVan:61 - завантажили каву
2023-11-12 23:25:48 INFO  CoffeeVan:61 - завантажили каву
2023-11-12 23:25:48 INFO  CoffeeVan:61 - завантажили каву
2023-11-12 23:25:48 INFO  CoffeeVan:61 - завантажили каву
2023-11-12 23:25:48 INFO  CoffeeVan:61 - завантажили каву
2023-11-12 23:25:48 INFO  CoffeeVan:61 - завантажили каву
2023-11-12 23:25:48 INFO  CoffeeVan:61 - завантажили каву
2023-11-12 23:25:48 INFO  CoffeeVan:61 - завантажили каву
2023-11-12 23:25:48 INFO  CoffeeVan:61 - завантажили каву
2023-11-12 23:25:48 INFO  CoffeeVan:61 - завантажили каву
2023-11-12 23:25:48 INFO  CoffeeVan:95 - занайшли каву за мін та макс ціною
2023-11-12 23:25:48 INFO  CoffeeVan:61 - завантажили каву
2023-11-12 23:25:48 INFO  CoffeeVan:61 - завантажили каву
2023-11-12 23:25:48 INFO  CoffeeVan:61 - завантажили каву
2023-11-12 23:25:48 INFO  CoffeeVan:61 - завантажили каву
2023-11-12 23:25:48 INFO  CoffeeVan:61 - завантажили каву
2023-11-12 23:25:48 INFO  CoffeeVan:109 - знайшли каву за типом контейнера та вагою
2023-11-19 02:21:58 INFO  CoffeeVan:61 - завантажили каву
2023-11-19 02:21:58 INFO  CoffeeVan:61 - завантажили каву
2023-11-19 02:21:58 INFO  CoffeeVan:61 - завантажили каву
2023-11-19 02:21:58 INFO  CoffeeVan:77 - посортували каву за ціною і вагою
2023-11-19 02:21:58 INFO  CoffeeVan:61 - завантажили каву
2023-11-19 02:21:58 INFO  CoffeeVan:61 - завантажили каву
2023-11-19 02:21:58 INFO  CoffeeVan:61 - завантажили каву
2023-11-19 02:21:58 INFO  CoffeeVan:61 - завантажили каву
2023-11-19 02:21:58 INFO  CoffeeVan:61 - завантажили каву
2023-11-19 02:21:58 INFO  CoffeeVan:87 - знайшли каву за типом, видом, почтковим роком, мін та макс ціною
2023-11-19 02:21:58 INFO  CoffeeVan:61 - завантажили каву
2023-11-19 02:21:58 INFO  CoffeeVan:61 - завантажили каву
2023-11-19 02:21:58 INFO  CoffeeVan:61 - завантажили каву
2023-11-19 02:21:58 INFO  CoffeeVan:61 - завантажили каву
2023-11-19 02:21:58 INFO  CoffeeVan:61 - завантажили каву
2023-11-19 02:21:58 INFO  CoffeeVan:102 - занайшли каву за типом кави
2023-11-19 02:21:58 INFO  CoffeeVan:61 - завантажили каву
2023-11-19 02:21:58 INFO  CoffeeVan:61 - завантажили каву
2023-11-19 02:21:58 INFO  CoffeeVan:61 - завантажили каву
2023-11-19 02:21:58 INFO  CoffeeVan:61 - завантажили каву
2023-11-19 02:21:58 INFO  CoffeeVan:61 - завантажили каву
2023-11-19 02:21:58 INFO  CoffeeVan:114 - видалили каву
2023-11-19 02:21:58 INFO  CoffeeVan:114 - видалили каву
2023-11-19 02:21:58 INFO  CoffeeVan:61 - завантажили каву
2023-11-19 02:21:58 INFO  CoffeeVan:61 - завантажили каву
2023-11-19 02:21:58 INFO  CoffeeVan:61 - завантажили каву
2023-11-19 02:21:58 INFO  CoffeeVan:61 - завантажили каву
2023-11-19 02:21:58 INFO  CoffeeVan:61 - завантажили каву
2023-11-19 02:21:58 INFO  CoffeeVan:61 - завантажили каву
2023-11-19 02:21:58 INFO  CoffeeVan:61 - завантажили каву
2023-11-19 02:21:58 INFO  CoffeeVan:61 - завантажили каву
2023-11-19 02:21:58 INFO  CoffeeVan:61 - завантажили каву
2023-11-19 02:21:58 INFO  CoffeeVan:61 - завантажили каву
2023-11-19 02:21:58 INFO  CoffeeVan:61 - завантажили каву
2023-11-19 02:21:58 INFO  CoffeeVan:95 - занайшли каву за мін та макс ціною
2023-11-19 02:21:58 INFO  CoffeeVan:61 - завантажили каву
2023-11-19 02:21:58 INFO  CoffeeVan:61 - завантажили каву
2023-11-19 02:21:58 INFO  CoffeeVan:61 - завантажили каву
2023-11-19 02:21:58 INFO  CoffeeVan:61 - завантажили каву
2023-11-19 02:21:58 INFO  CoffeeVan:61 - завантажили каву
2023-11-19 02:21:58 INFO  CoffeeVan:109 - знайшли каву за типом контейнера та вагою
2023-11-19 02:22:04 INFO  Menu:16 - програма запустилася
2023-11-19 02:22:07 INFO  Menu:53 - вибрався режим вводу
2023-11-19 02:22:07 INFO  Menu:54 - ввели дані з файлу
2023-11-19 02:22:07 INFO  CoffeeVan:61 - завантажили каву
2023-11-19 02:22:07 INFO  CoffeeVan:61 - завантажили каву
2023-11-19 02:22:07 INFO  CoffeeVan:61 - завантажили каву
2023-11-19 02:22:07 INFO  CoffeeVan:61 - завантажили каву
2023-11-19 02:22:07 INFO  Menu:36 - вибір команди
2023-11-19 02:22:09 ERROR Menu:41 - не вірна команда
2023-11-19 02:22:30 INFO  Menu:36 - вибір команди
2023-11-19 02:22:44 INFO  Menu:16 - програма запустилася
2023-11-19 02:22:47 INFO  Menu:53 - вибрався режим вводу
2023-11-19 02:22:47 INFO  Menu:54 - ввели дані з файлу
2023-11-19 02:22:47 INFO  CoffeeVan:61 - завантажили каву
2023-11-19 02:22:47 INFO  CoffeeVan:61 - завантажили каву
2023-11-19 02:22:47 INFO  CoffeeVan:61 - завантажили каву
2023-11-19 02:22:47 INFO  CoffeeVan:61 - завантажили каву
2023-11-19 02:22:47 INFO  Menu:36 - вибір команди
2023-11-19 02:22:48 ERROR Menu:41 - не вірна команда
2023-11-19 02:23:09 INFO  Menu:36 - вибір команди
2023-11-19 02:24:00 INFO  Menu:16 - програма запустилася
2023-11-19 02:24:04 INFO  Menu:53 - вибрався режим вводу
2023-11-19 02:24:04 INFO  Menu:54 - ввели дані з файлу
2023-11-19 02:24:04 INFO  CoffeeVan:61 - завантажили каву
2023-11-19 02:24:04 INFO  CoffeeVan:61 - завантажили каву
2023-11-19 02:24:04 INFO  CoffeeVan:61 - завантажили каву
2023-11-19 02:24:04 INFO  CoffeeVan:61 - завантажили каву
2023-11-19 02:24:04 INFO  Menu:36 - вибір команди
2023-11-19 02:24:06 ERROR Menu:41 - не вірна команда
2023-11-19 02:24:12 INFO  Menu:36 - вибір команди
2023-11-19 02:29:28 INFO  CoffeeVan:61 - завантажили каву
2023-11-19 02:29:28 INFO  CoffeeVan:61 - завантажили каву
2023-11-19 02:29:28 INFO  CoffeeVan:61 - завантажили каву
2023-11-19 02:29:28 INFO  CoffeeVan:77 - посортували каву за ціною і вагою
2023-11-19 02:29:28 INFO  CoffeeVan:61 - завантажили каву
2023-11-19 02:29:28 INFO  CoffeeVan:61 - завантажили каву
2023-11-19 02:29:28 INFO  CoffeeVan:61 - завантажили каву
2023-11-19 02:29:28 INFO  CoffeeVan:61 - завантажили каву
2023-11-19 02:29:28 INFO  CoffeeVan:61 - завантажили каву
2023-11-19 02:29:28 INFO  CoffeeVan:87 - знайшли каву за типом, видом, почтковим роком, мін та макс ціною
2023-11-19 02:29:28 INFO  CoffeeVan:61 - завантажили каву
2023-11-19 02:29:28 INFO  CoffeeVan:61 - завантажили каву
2023-11-19 02:29:28 INFO  CoffeeVan:61 - завантажили каву
2023-11-19 02:29:28 INFO  CoffeeVan:61 - завантажили каву
2023-11-19 02:29:28 INFO  CoffeeVan:61 - завантажили каву
2023-11-19 02:29:28 INFO  CoffeeVan:102 - занайшли каву за типом кави
2023-11-19 02:29:28 INFO  CoffeeVan:61 - завантажили каву
2023-11-19 02:29:28 INFO  CoffeeVan:61 - завантажили каву
2023-11-19 02:29:28 INFO  CoffeeVan:61 - завантажили каву
2023-11-19 02:29:28 INFO  CoffeeVan:61 - завантажили каву
2023-11-19 02:29:28 INFO  CoffeeVan:61 - завантажили каву
2023-11-19 02:29:28 INFO  CoffeeVan:114 - видалили каву
2023-11-19 02:29:28 INFO  CoffeeVan:114 - видалили каву
2023-11-19 02:29:28 INFO  CoffeeVan:61 - завантажили каву
2023-11-19 02:29:28 INFO  CoffeeVan:61 - завантажили каву
2023-11-19 02:29:28 INFO  CoffeeVan:61 - завантажили каву
2023-11-19 02:29:28 INFO  CoffeeVan:61 - завантажили каву
2023-11-19 02:29:28 INFO  CoffeeVan:61 - завантажили каву
2023-11-19 02:29:28 INFO  CoffeeVan:61 - завантажили каву
2023-11-19 02:29:28 INFO  CoffeeVan:61 - завантажили каву
2023-11-19 02:29:28 INFO  CoffeeVan:61 - завантажили каву
2023-11-19 02:29:28 INFO  CoffeeVan:61 - завантажили каву
2023-11-19 02:29:28 INFO  CoffeeVan:61 - завантажили каву
2023-11-19 02:29:28 INFO  CoffeeVan:61 - завантажили каву
2023-11-19 02:29:28 INFO  CoffeeVan:95 - занайшли каву за мін та макс ціною
2023-11-19 02:29:28 INFO  CoffeeVan:61 - завантажили каву
2023-11-19 02:29:28 INFO  CoffeeVan:61 - завантажили каву
2023-11-19 02:29:28 INFO  CoffeeVan:61 - завантажили каву
2023-11-19 02:29:28 INFO  CoffeeVan:61 - завантажили каву
2023-11-19 02:29:28 INFO  CoffeeVan:61 - завантажили каву
2023-11-19 02:29:28 INFO  CoffeeVan:109 - знайшли каву за типом контейнера та вагою
2023-11-19 19:22:44 INFO  Menu:16 - програма запустилася
2023-11-19 19:22:50 INFO  Menu:53 - вибрався режим вводу
2023-11-19 19:22:50 INFO  Menu:54 - ввели дані з файлу
2023-11-19 19:22:50 INFO  CoffeeVan:61 - завантажили каву
2023-11-19 19:22:50 INFO  CoffeeVan:61 - завантажили каву
2023-11-19 19:22:50 INFO  CoffeeVan:61 - завантажили каву
2023-11-19 19:22:50 INFO  CoffeeVan:61 - завантажили каву
2023-11-19 19:22:50 INFO  Menu:36 - вибір команди
2023-11-19 19:22:50 ERROR Menu:41 - не вірна команда
2023-11-19 19:22:58 INFO  Menu:36 - вибір команди
2023-11-19 19:33:26 INFO  Menu:16 - програма запустилася
2023-11-19 19:33:31 INFO  Menu:53 - вибрався режим вводу
2023-11-19 19:33:31 INFO  Menu:54 - ввели дані з файлу
2023-11-19 19:33:31 INFO  CoffeeVan:61 - завантажили каву
2023-11-19 19:33:31 INFO  CoffeeVan:61 - завантажили каву
2023-11-19 19:33:31 INFO  CoffeeVan:61 - завантажили каву
2023-11-19 19:33:31 INFO  CoffeeVan:61 - завантажили каву
2023-11-19 19:33:31 INFO  Menu:36 - вибір команди
2023-11-19 19:34:14 INFO  CoffeeVan:77 - посортували каву за ціною і вагою
2023-11-19 19:34:14 INFO  Menu:36 - вибір команди
2023-11-19 19:34:56 INFO  CoffeeVan:127 - надрукували дані на екран
2023-11-19 19:34:56 INFO  Menu:36 - вибір команди
2023-11-19 19:36:02 ERROR Menu:41 - не вірна команда
2023-11-19 19:36:08 INFO  Menu:36 - вибір команди
2023-11-19 19:36:39 INFO  Menu:16 - програма запустилася
2023-11-19 19:36:43 INFO  Menu:53 - вибрався режим вводу
2023-11-19 19:36:43 INFO  Menu:54 - ввели дані з файлу
2023-11-19 19:36:43 INFO  CoffeeVan:61 - завантажили каву
2023-11-19 19:36:43 INFO  CoffeeVan:61 - завантажили каву
2023-11-19 19:36:43 INFO  CoffeeVan:61 - завантажили каву
2023-11-19 19:36:43 INFO  CoffeeVan:61 - завантажили каву
2023-11-19 19:36:43 INFO  Menu:36 - вибір команди
2023-11-19 19:36:55 INFO  CoffeeVan:127 - надрукували дані на екран
2023-11-19 19:36:55 INFO  Menu:36 - вибір команди
2023-11-19 19:37:27 ERROR Menu:41 - не вірна команда
2023-11-19 19:37:33 INFO  Menu:36 - вибір команди
2023-11-19 19:37:42 INFO  Menu:16 - програма запустилася
2023-11-19 19:37:45 INFO  Menu:53 - вибрався режим вводу
2023-11-19 19:37:45 INFO  Menu:54 - ввели дані з файлу
2023-11-19 19:37:45 INFO  CoffeeVan:61 - завантажили каву
2023-11-19 19:37:45 INFO  CoffeeVan:61 - завантажили каву
2023-11-19 19:37:45 INFO  CoffeeVan:61 - завантажили каву
2023-11-19 19:37:45 INFO  CoffeeVan:61 - завантажили каву
2023-11-19 19:37:45 INFO  Menu:36 - вибір команди
2023-11-19 19:37:55 INFO  CoffeeVan:127 - надрукували дані на екран
2023-11-19 19:37:55 INFO  Menu:36 - вибір команди
2023-11-19 19:38:11 INFO  CoffeeVan:77 - посортували каву за ціною і вагою
2023-11-19 19:38:11 INFO  Menu:36 - вибір команди
2023-11-19 19:38:19 INFO  CoffeeVan:127 - надрукували дані на екран
2023-11-19 19:38:19 INFO  Menu:36 - вибір команди
2023-11-19 19:38:48 ERROR Menu:41 - не вірна команда
2023-11-19 19:38:53 INFO  Menu:36 - вибір команди
2023-11-19 19:42:32 INFO  Menu:16 - програма запустилася
2023-11-19 19:42:35 INFO  Menu:53 - вибрався режим вводу
2023-11-19 19:42:35 INFO  Menu:54 - ввели дані з файлу
2023-11-19 19:42:35 INFO  CoffeeVan:61 - завантажили каву
2023-11-19 19:42:35 INFO  CoffeeVan:61 - завантажили каву
2023-11-19 19:42:35 INFO  CoffeeVan:61 - завантажили каву
2023-11-19 19:42:35 INFO  CoffeeVan:61 - завантажили каву
2023-11-19 19:42:35 INFO  Menu:36 - вибір команди
2023-11-19 19:42:50 INFO  CoffeeVan:127 - надрукували дані на екран
2023-11-19 19:42:50 INFO  Menu:36 - вибір команди
2023-11-19 19:42:55 INFO  CoffeeVan:77 - посортували каву за ціною і вагою
2023-11-19 19:42:55 INFO  Menu:36 - вибір команди
2023-11-19 19:43:01 ERROR Menu:41 - не вірна команда
2023-11-19 19:43:06 INFO  Menu:36 - вибір команди
2023-11-19 19:43:14 INFO  Menu:16 - програма запустилася
2023-11-19 19:43:17 INFO  Menu:53 - вибрався режим вводу
2023-11-19 19:43:17 INFO  Menu:54 - ввели дані з файлу
2023-11-19 19:43:17 INFO  CoffeeVan:61 - завантажили каву
2023-11-19 19:43:17 INFO  CoffeeVan:61 - завантажили каву
2023-11-19 19:43:17 INFO  CoffeeVan:61 - завантажили каву
2023-11-19 19:43:17 INFO  CoffeeVan:61 - завантажили каву
2023-11-19 19:43:17 INFO  Menu:36 - вибір команди
2023-11-19 19:43:27 INFO  CoffeeVan:127 - надрукували дані на екран
2023-11-19 19:43:27 INFO  Menu:36 - вибір команди
2023-11-19 19:43:31 INFO  CoffeeVan:77 - посортували каву за ціною і вагою
2023-11-19 19:43:31 INFO  Menu:36 - вибір команди
2023-11-19 19:43:39 INFO  CoffeeVan:127 - надрукували дані на екран
2023-11-19 19:43:39 INFO  Menu:36 - вибір команди
2023-11-19 19:43:51 INFO  CoffeeVan:102 - занайшли каву за типом кави
2023-11-19 19:43:51 INFO  Menu:36 - вибір команди
2023-11-19 19:44:03 INFO  CoffeeVan:127 - надрукували дані на екран
2023-11-19 19:44:03 INFO  Menu:36 - вибір команди
2023-11-19 19:44:13 INFO  CoffeeVan:119 - зааписали оброблену дані у файл
2023-11-19 19:44:13 INFO  Menu:36 - вибір команди
2023-11-19 19:44:21 INFO  EndProgramCommand:19 - завершення програми
